Performing C SOURCE FILE Test CMAKE_HAVE_LIBC_PTHREAD failed with the following output:
Change Dir: /home/bartosz/Kodzenie/Arm_inverse_kinematics/build/CMakeFiles/CMakeTmp

Run Build Command(s):/usr/bin/gmake cmTC_c8c8e/fast && /usr/bin/gmake  -f CMakeFiles/cmTC_c8c8e.dir/build.make CMakeFiles/cmTC_c8c8e.dir/build
gmake[1]: Wejście do katalogu '/home/bartosz/Kodzenie/Arm_inverse_kinematics/build/CMakeFiles/CMakeTmp'
Building C object CMakeFiles/cmTC_c8c8e.dir/src.c.o
/usr/bin/clang   -DCMAKE_HAVE_LIBC_PTHREAD -o CMakeFiles/cmTC_c8c8e.dir/src.c.o -c /home/bartosz/Kodzenie/Arm_inverse_kinematics/build/CMakeFiles/CMakeTmp/src.c
Linking C executable cmTC_c8c8e
/usr/bin/cmake -E cmake_link_script CMakeFiles/cmTC_c8c8e.dir/link.txt --verbose=1
/usr/bin/clang  -DCMAKE_HAVE_LIBC_PTHREAD CMakeFiles/cmTC_c8c8e.dir/src.c.o -o cmTC_c8c8e 
/usr/bin/ld: CMakeFiles/cmTC_c8c8e.dir/src.c.o: in function `main':
src.c:(.text+0x35): undefined reference to `pthread_create'
/usr/bin/ld: src.c:(.text+0x41): undefined reference to `pthread_detach'
/usr/bin/ld: src.c:(.text+0x4d): undefined reference to `pthread_cancel'
/usr/bin/ld: src.c:(.text+0x5f): undefined reference to `pthread_join'
clang: error: linker command failed with exit code 1 (use -v to see invocation)
gmake[1]: *** [CMakeFiles/cmTC_c8c8e.dir/build.make:106: cmTC_c8c8e] Błąd 1
gmake[1]: Opuszczenie katalogu '/home/bartosz/Kodzenie/Arm_inverse_kinematics/build/CMakeFiles/CMakeTmp'
gmake: *** [Makefile:140: cmTC_c8c8e/fast] Błąd 2


Source file was:
#include <pthread.h>

void* test_func(void* data)
{
  return data;
}

int main(void)
{
  pthread_t thread;
  pthread_create(&thread, NULL, test_func, NULL);
  pthread_detach(thread);
  pthread_cancel(thread);
  pthread_join(thread, NULL);
  pthread_atfork(NULL, NULL, NULL);
  pthread_exit(NULL);

  return 0;
}

Determining if the function pthread_create exists in the pthreads failed with the following output:
Change Dir: /home/bartosz/Kodzenie/Arm_inverse_kinematics/build/CMakeFiles/CMakeTmp

Run Build Command(s):/usr/bin/gmake cmTC_07362/fast && /usr/bin/gmake  -f CMakeFiles/cmTC_07362.dir/build.make CMakeFiles/cmTC_07362.dir/build
gmake[1]: Wejście do katalogu '/home/bartosz/Kodzenie/Arm_inverse_kinematics/build/CMakeFiles/CMakeTmp'
Building C object CMakeFiles/cmTC_07362.dir/CheckFunctionExists.c.o
/usr/bin/clang   -DCHECK_FUNCTION_EXISTS=pthread_create -o CMakeFiles/cmTC_07362.dir/CheckFunctionExists.c.o -c /usr/share/cmake-3.18/Modules/CheckFunctionExists.c
Linking C executable cmTC_07362
/usr/bin/cmake -E cmake_link_script CMakeFiles/cmTC_07362.dir/link.txt --verbose=1
/usr/bin/clang  -DCHECK_FUNCTION_EXISTS=pthread_create CMakeFiles/cmTC_07362.dir/CheckFunctionExists.c.o -o cmTC_07362  -lpthreads 
/usr/bin/ld: cannot find -lpthreads
clang: error: linker command failed with exit code 1 (use -v to see invocation)
gmake[1]: *** [CMakeFiles/cmTC_07362.dir/build.make:106: cmTC_07362] Błąd 1
gmake[1]: Opuszczenie katalogu '/home/bartosz/Kodzenie/Arm_inverse_kinematics/build/CMakeFiles/CMakeTmp'
gmake: *** [Makefile:140: cmTC_07362/fast] Błąd 2



